Base path: 'C:/Program Files/Unity/Hub/Editor/2019.4.20f1/Editor/Data', plugins path 'C:/Program Files/Unity/Hub/Editor/2019.4.20f1/Editor/Data/PlaybackEngines'
Cmd: initializeCompiler
Cmd: compileSnippet
  api=4 type=0 insize=17867 outsize=1818 kw=UNITY_PASS_FORWARDBASE DIRECTIONAL LIGHTPROBE_SH pd=UNITY_ENABLE_REFLECTION_BUFFERS UNITY_USE_DITHER_MASK_FOR_ALPHABLENDED_SHADOWS UNITY_PBS_USE_BRDF1 UNITY_SPECCUBE_BOX_PROJECTION UNITY_SPECCUBE_BLENDING UNITY_ENABLE_DETAIL_NORMALMAP SHADER_API_DESKTOP UNITY_COLORSPACE_GAMMA UNITY_LIGHT_PROBE_PROXY_VOLUME UNITY_LIGHTMAP_FULL_HDR ok=1
Cmd: compileSnippet
  api=4 type=1 insize=17867 outsize=1726 kw=UNITY_PASS_FORWARDBASE DIRECTIONAL LIGHTPROBE_SH pd=UNITY_ENABLE_REFLECTION_BUFFERS UNITY_USE_DITHER_MASK_FOR_ALPHABLENDED_SHADOWS UNITY_PBS_USE_BRDF1 UNITY_SPECCUBE_BOX_PROJECTION UNITY_SPECCUBE_BLENDING UNITY_ENABLE_DETAIL_NORMALMAP SHADER_API_DESKTOP UNITY_COLORSPACE_GAMMA UNITY_LIGHT_PROBE_PROXY_VOLUME UNITY_LIGHTMAP_FULL_HDR ok=1
Cmd: compileSnippet
  api=4 type=0 insize=4465 outsize=1150 kw=UNITY_PASS_FORWARDADD DIRECTIONAL pd=UNITY_ENABLE_REFLECTION_BUFFERS UNITY_USE_DITHER_MASK_FOR_ALPHABLENDED_SHADOWS UNITY_PBS_USE_BRDF1 UNITY_SPECCUBE_BOX_PROJECTION UNITY_SPECCUBE_BLENDING UNITY_ENABLE_DETAIL_NORMALMAP SHADER_API_DESKTOP UNITY_COLORSPACE_GAMMA UNITY_LIGHT_PROBE_PROXY_VOLUME UNITY_LIGHTMAP_FULL_HDR ok=1
Cmd: compileSnippet
  api=4 type=1 insize=4465 outsize=1654 kw=UNITY_PASS_FORWARDADD DIRECTIONAL pd=UNITY_ENABLE_REFLECTION_BUFFERS UNITY_USE_DITHER_MASK_FOR_ALPHABLENDED_SHADOWS UNITY_PBS_USE_BRDF1 UNITY_SPECCUBE_BOX_PROJECTION UNITY_SPECCUBE_BLENDING UNITY_ENABLE_DETAIL_NORMALMAP SHADER_API_DESKTOP UNITY_COLORSPACE_GAMMA UNITY_LIGHT_PROBE_PROXY_VOLUME UNITY_LIGHTMAP_FULL_HDR ok=1
Cmd: preprocess
  insize=1173 outsize=302 ok=1
Cmd: initializeCompiler
Cmd: preprocess
  insize=1380 outsize=265 ok=1
Cmd: preprocess
  insize=3958 outsize=719 ok=1
Cmd: preprocess
  insize=18053 outsize=2592 ok=1
Cmd: preprocess
  insize=1052 outsize=174 ok=1
Cmd: preprocess
  insize=945 outsize=218 ok=1
Cmd: preprocess
  insize=408 outsize=408 ok=1
Cmd: preprocess
  insize=771 outsize=196 ok=1
Cmd: preprocess
  insize=771 outsize=196 ok=1
Cmd: preprocess
  insize=771 outsize=196 ok=1
Cmd: preprocess
  insize=771 outsize=196 ok=1
Cmd: preprocess
  insize=771 outsize=196 ok=1
Cmd: preprocess
  insize=771 outsize=196 ok=1
Cmd: preprocess
  insize=771 outsize=196 ok=1
Cmd: preprocess
  insize=771 outsize=196 ok=1
Cmd: preprocess
  insize=771 outsize=196 ok=1
Cmd: preprocess
  insize=771 outsize=196 ok=1
Cmd: preprocess
  insize=771 outsize=196 ok=1
Cmd: preprocess
  insize=771 outsize=196 ok=1
Cmd: preprocess
  insize=771 outsize=196 ok=1
Cmd: preprocess
  insize=771 outsize=196 ok=1
Cmd: preprocess
  insize=771 outsize=196 ok=1
Cmd: preprocess
  insize=771 outsize=196 ok=1
Cmd: preprocess
  insize=771 outsize=196 ok=1
Cmd: preprocess
  insize=771 outsize=196 ok=1
Cmd: preprocess
  insize=771 outsize=196 ok=1
Cmd: preprocess
  insize=771 outsize=196 ok=1
Cmd: preprocess
  insize=771 outsize=196 ok=1
Cmd: preprocess
  insize=771 outsize=196 ok=1
Cmd: preprocess
  insize=771 outsize=196 ok=1
Cmd: preprocess
  insize=7305 outsize=396 ok=1
Cmd: preprocess
  insize=3896 outsize=386 ok=1
Cmd: preprocess
  insize=3686 outsize=387 ok=1
Cmd: preprocess
  insize=3479 outsize=394 ok=1
Cmd: preprocess
  insize=4191 outsize=388 ok=1
Cmd: preprocess
  insize=4392 outsize=386 ok=1
Cmd: preprocess
  insize=4584 outsize=385 ok=1
Cmd: preprocess
  insize=4951 outsize=389 ok=1
Cmd: preprocess
  insize=5263 outsize=389 ok=1
Cmd: preprocess
  insize=5378 outsize=387 ok=1
Cmd: preprocess
  insize=5480 outsize=389 ok=1
Cmd: preprocess
  insize=5595 outsize=387 ok=1
Cmd: preprocess
  insize=5956 outsize=388 ok=1
Cmd: preprocess
  insize=6159 outsize=388 ok=1
Cmd: preprocess
  insize=6785 outsize=391 ok=1
Cmd: preprocess
  insize=6373 outsize=389 ok=1
Cmd: preprocess
  insize=6785 outsize=391 ok=1
Cmd: preprocess
  insize=7298 outsize=388 ok=1
Cmd: compileSnippet
  api=4 type=0 insize=1166 outsize=650 kw= pd=UNITY_ENABLE_REFLECTION_BUFFERS UNITY_USE_DITHER_MASK_FOR_ALPHABLENDED_SHADOWS UNITY_PBS_USE_BRDF1 UNITY_SPECCUBE_BOX_PROJECTION UNITY_SPECCUBE_BLENDING UNITY_ENABLE_DETAIL_NORMALMAP SHADER_API_DESKTOP UNITY_COLORSPACE_GAMMA UNITY_LIGHT_PROBE_PROXY_VOLUME UNITY_LIGHTMAP_FULL_HDR ok=1
Cmd: compileSnippet
  api=4 type=1 insize=1166 outsize=562 kw= pd=UNITY_ENABLE_REFLECTION_BUFFERS UNITY_USE_DITHER_MASK_FOR_ALPHABLENDED_SHADOWS UNITY_PBS_USE_BRDF1 UNITY_SPECCUBE_BOX_PROJECTION UNITY_SPECCUBE_BLENDING UNITY_ENABLE_DETAIL_NORMALMAP SHADER_API_DESKTOP UNITY_COLORSPACE_GAMMA UNITY_LIGHT_PROBE_PROXY_VOLUME UNITY_LIGHTMAP_FULL_HDR ok=1
Cmd: compileSnippet
  api=4 type=0 insize=1554 outsize=690 kw= pd=UNITY_ENABLE_REFLECTION_BUFFERS UNITY_USE_DITHER_MASK_FOR_ALPHABLENDED_SHADOWS UNITY_PBS_USE_BRDF1 UNITY_SPECCUBE_BOX_PROJECTION UNITY_SPECCUBE_BLENDING UNITY_ENABLE_DETAIL_NORMALMAP SHADER_API_DESKTOP UNITY_COLORSPACE_GAMMA UNITY_LIGHT_PROBE_PROXY_VOLUME UNITY_LIGHTMAP_FULL_HDR ok=1
Cmd: compileSnippet
  api=4 type=1 insize=1554 outsize=346 kw= pd=UNITY_ENABLE_REFLECTION_BUFFERS UNITY_USE_DITHER_MASK_FOR_ALPHABLENDED_SHADOWS UNITY_PBS_USE_BRDF1 UNITY_SPECCUBE_BOX_PROJECTION UNITY_SPECCUBE_BLENDING UNITY_ENABLE_DETAIL_NORMALMAP SHADER_API_DESKTOP UNITY_COLORSPACE_GAMMA UNITY_LIGHT_PROBE_PROXY_VOLUME UNITY_LIGHTMAP_FULL_HDR ok=1
Cmd: preprocess
  insize=771 outsize=196 ok=1
Cmd: preprocess
  insize=771 outsize=196 ok=1
Cmd: preprocess
  insize=771 outsize=196 ok=1
Cmd: preprocess
  insize=771 outsize=196 ok=1
Cmd: preprocess
  insize=771 outsize=196 ok=1
Cmd: preprocess
  insize=771 outsize=196 ok=1
Cmd: preprocess
  insize=771 outsize=196 ok=1
Cmd: preprocess
  insize=771 outsize=196 ok=1
Cmd: preprocess
  insize=771 outsize=196 ok=1
Cmd: preprocess
  insize=771 outsize=196 ok=1
Cmd: preprocess
  insize=771 outsize=196 ok=1
Cmd: preprocess
  insize=771 outsize=196 ok=1
Cmd: preprocess
  insize=771 outsize=196 ok=1
Cmd: preprocess
  insize=771 outsize=196 ok=1
Cmd: preprocess
  insize=771 outsize=196 ok=1
Cmd: preprocess
  insize=771 outsize=196 ok=1
Cmd: preprocess
  insize=771 outsize=196 ok=1
Cmd: preprocess
  insize=771 outsize=196 ok=1
Cmd: preprocess
  insize=771 outsize=196 ok=1
Cmd: preprocess
  insize=771 outsize=196 ok=1
Cmd: preprocess
  insize=771 outsize=196 ok=1
Cmd: preprocess
  insize=771 outsize=196 ok=1
Cmd: preprocess
  insize=771 outsize=196 ok=1
Cmd: preprocess
  insize=771 outsize=196 ok=1
Cmd: preprocess
  insize=771 outsize=196 ok=1
Cmd: preprocess
  insize=771 outsize=196 ok=1
Cmd: preprocess
  insize=771 outsize=196 ok=1
Cmd: preprocess
  insize=771 outsize=196 ok=1
Cmd: preprocess
  insize=771 outsize=196 ok=1
Cmd: preprocess
  insize=771 outsize=196 ok=1
Cmd: preprocess
  insize=771 outsize=196 ok=1
Cmd: preprocess
  insize=771 outsize=196 ok=1
Cmd: preprocess
  insize=771 outsize=196 ok=1
Cmd: preprocess
  insize=771 outsize=196 ok=1
Cmd: preprocess
  insize=771 outsize=196 ok=1
Cmd: preprocess
  insize=771 outsize=196 ok=1
Cmd: preprocess
  insize=771 outsize=196 ok=1
Cmd: preprocess
  insize=771 outsize=196 ok=1
Cmd: preprocess
  insize=771 outsize=196 ok=1
Cmd: preprocess
  insize=15038 outsize=351 ok=1
Cmd: preprocess
  insize=3418 outsize=350 ok=1
Cmd: preprocess
  insize=3630 outsize=343 ok=1
Cmd: preprocess
  insize=3613 outsize=340 ok=1
Cmd: preprocess
  insize=5899 outsize=343 ok=1
Cmd: preprocess
  insize=6176 outsize=342 ok=1
Cmd: preprocess
  insize=6390 outsize=344 ok=1
Cmd: preprocess
  insize=3847 outsize=343 ok=1
Cmd: preprocess
  insize=5625 outsize=347 ok=1
Cmd: preprocess
  insize=4043 outsize=342 ok=1
Cmd: preprocess
  insize=4354 outsize=343 ok=1
Cmd: preprocess
  insize=8170 outsize=344 ok=1
Cmd: preprocess
  insize=6654 outsize=340 ok=1
Cmd: preprocess
  insize=7349 outsize=343 ok=1
Cmd: preprocess
  insize=6654 outsize=339 ok=1
Cmd: preprocess
  insize=6968 outsize=344 ok=1
Cmd: preprocess
  insize=6857 outsize=340 ok=1
Cmd: preprocess
  insize=7171 outsize=344 ok=1
Cmd: preprocess
  insize=8156 outsize=344 ok=1
Cmd: preprocess
  insize=6592 outsize=343 ok=1
Cmd: preprocess
  insize=8662 outsize=339 ok=1
Cmd: preprocess
  insize=9454 outsize=339 ok=1
Cmd: preprocess
  insize=10064 outsize=339 ok=1
Cmd: preprocess
  insize=7759 outsize=344 ok=1
Cmd: preprocess
  insize=7073 outsize=344 ok=1
Cmd: preprocess
  insize=3837 outsize=342 ok=1
Cmd: preprocess
  insize=12429 outsize=353 ok=1
Cmd: preprocess
  insize=13191 outsize=339 ok=1
Cmd: preprocess
  insize=10353 outsize=344 ok=1
Cmd: preprocess
  insize=12439 outsize=354 ok=1
Cmd: preprocess
  insize=10353 outsize=344 ok=1
Cmd: preprocess
  insize=13667 outsize=339 ok=1
Cmd: preprocess
  insize=15026 outsize=339 ok=1
Cmd: preprocess
  insize=12723 outsize=354 ok=1
Cmd: preprocess
  insize=12723 outsize=354 ok=1
Cmd: preprocess
  insize=771 outsize=196 ok=1
Cmd: preprocess
  insize=771 outsize=196 ok=1
Cmd: preprocess
  insize=771 outsize=196 ok=1
Cmd: preprocess
  insize=771 outsize=196 ok=1
Cmd: preprocess
  insize=771 outsize=196 ok=1
Cmd: preprocess
  insize=771 outsize=196 ok=1
Cmd: preprocess
  insize=771 outsize=196 ok=1
Cmd: preprocess
  insize=771 outsize=196 ok=1
Cmd: preprocess
  insize=771 outsize=196 ok=1
Cmd: preprocess
  insize=771 outsize=196 ok=1
Cmd: preprocess
  insize=4410 outsize=449 ok=1
Cmd: preprocess
  insize=3147 outsize=451 ok=1
Cmd: preprocess
  insize=3731 outsize=455 ok=1
Cmd: preprocess
  insize=3731 outsize=455 ok=1
Cmd: preprocess
  insize=4412 outsize=452 ok=1
Cmd: preprocess
  insize=771 outsize=196 ok=1
Cmd: preprocess
  insize=771 outsize=196 ok=1
Cmd: preprocess
  insize=771 outsize=196 ok=1
Cmd: preprocess
  insize=771 outsize=196 ok=1
Cmd: preprocess
  insize=771 outsize=196 ok=1
Cmd: preprocess
  insize=771 outsize=196 ok=1
Cmd: preprocess
  insize=771 outsize=196 ok=1
Cmd: preprocess
  insize=771 outsize=196 ok=1
Cmd: preprocess
  insize=771 outsize=196 ok=1
Cmd: preprocess
  insize=771 outsize=196 ok=1
Cmd: preprocess
  insize=771 outsize=196 ok=1
Cmd: preprocess
  insize=771 outsize=196 ok=1
Cmd: preprocess
  insize=771 outsize=196 ok=1
Cmd: preprocess
  insize=771 outsize=196 ok=1
Cmd: preprocess
  insize=771 outsize=196 ok=1
Cmd: preprocess
  insize=771 outsize=196 ok=1
Cmd: preprocess
  insize=771 outsize=196 ok=1
Cmd: preprocess
  insize=771 outsize=196 ok=1
Cmd: preprocess
  insize=771 outsize=196 ok=1
Cmd: preprocess
  insize=771 outsize=196 ok=1
Cmd: preprocess
  insize=771 outsize=196 ok=1
Cmd: preprocess
  insize=771 outsize=196 ok=1
Cmd: preprocess
  insize=771 outsize=196 ok=1
Cmd: preprocess
  insize=771 outsize=196 ok=1
Cmd: preprocess
  insize=771 outsize=196 ok=1
Cmd: preprocess
  insize=771 outsize=196 ok=1
Cmd: preprocess
  insize=771 outsize=196 ok=1
Cmd: preprocess
  insize=771 outsize=196 ok=1
Cmd: preprocess
  insize=771 outsize=196 ok=1
Cmd: preprocess
  insize=771 outsize=196 ok=1
Cmd: preprocess
  insize=771 outsize=196 ok=1
Cmd: preprocess
  insize=771 outsize=196 ok=1
Cmd: preprocess
  insize=771 outsize=196 ok=1
Cmd: preprocess
  insize=771 outsize=196 ok=1
Cmd: preprocess
  insize=771 outsize=196 ok=1
Cmd: preprocess
  insize=4856 outsize=443 ok=1
Cmd: preprocess
  insize=3386 outsize=446 ok=1
Cmd: preprocess
  insize=4031 outsize=446 ok=1
Cmd: preprocess
  insize=4596 outsize=448 ok=1
Cmd: preprocess
  insize=4806 outsize=444 ok=1
Cmd: preprocess
  insize=4297 outsize=444 ok=1
Cmd: preprocess
  insize=5123 outsize=449 ok=1
Cmd: preprocess
  insize=8350 outsize=450 ok=1
Cmd: preprocess
  insize=3560 outsize=454 ok=1
Cmd: preprocess
  insize=9473 outsize=456 ok=1
Cmd: preprocess
  insize=3362 outsize=448 ok=1
Cmd: preprocess
  insize=3552 outsize=443 ok=1
Cmd: preprocess
  insize=3829 outsize=446 ok=1
Cmd: preprocess
  insize=3830 outsize=447 ok=1
Cmd: preprocess
  insize=4592 outsize=449 ok=1
Cmd: preprocess
  insize=4857 outsize=444 ok=1
Cmd: preprocess
  insize=4593 outsize=449 ok=1
Cmd: preprocess
  insize=3386 outsize=446 ok=1
Cmd: preprocess
  insize=5106 outsize=446 ok=1
Cmd: preprocess
  insize=5777 outsize=452 ok=1
Cmd: preprocess
  insize=9364 outsize=449 ok=1
Cmd: preprocess
  insize=771 outsize=196 ok=1
Cmd: preprocess
  insize=771 outsize=196 ok=1
Cmd: preprocess
  insize=771 outsize=196 ok=1
Cmd: preprocess
  insize=771 outsize=196 ok=1
Cmd: preprocess
  insize=771 outsize=196 ok=1
Cmd: preprocess
  insize=771 outsize=196 ok=1
Cmd: preprocess
  insize=771 outsize=196 ok=1
Cmd: preprocess
  insize=771 outsize=196 ok=1
Cmd: preprocess
  insize=771 outsize=196 ok=1
Cmd: preprocess
  insize=771 outsize=196 ok=1
Cmd: preprocess
  insize=771 outsize=196 ok=1
Cmd: preprocess
  insize=771 outsize=196 ok=1
Cmd: preprocess
  insize=771 outsize=196 ok=1
Cmd: preprocess
  insize=771 outsize=196 ok=1
Cmd: preprocess
  insize=771 outsize=196 ok=1
Cmd: preprocess
  insize=5938 outsize=408 ok=1
Cmd: preprocess
  insize=3993 outsize=398 ok=1
Cmd: preprocess
  insize=3994 outsize=398 ok=1
Cmd: preprocess
  insize=5031 outsize=401 ok=1
Cmd: preprocess
  insize=4881 outsize=398 ok=1
Cmd: preprocess
  insize=5244 outsize=401 ok=1
Cmd: preprocess
  insize=4258 outsize=404 ok=1
Cmd: preprocess
  insize=3503 outsize=407 ok=1
Cmd: preprocess
  insize=4683 outsize=399 ok=1
Cmd: preprocess
  insize=5521 outsize=400 ok=1
Cmd: preprocess
  insize=5933 outsize=403 ok=1
Cmd: preprocess
  insize=771 outsize=196 ok=1
Cmd: preprocess
  insize=771 outsize=196 ok=1
Cmd: preprocess
  insize=771 outsize=196 ok=1
Cmd: preprocess
  insize=771 outsize=196 ok=1
Cmd: preprocess
  insize=771 outsize=196 ok=1
Cmd: preprocess
  insize=771 outsize=196 ok=1
Cmd: preprocess
  insize=771 outsize=196 ok=1
Cmd: preprocess
  insize=771 outsize=196 ok=1
Cmd: preprocess
  insize=771 outsize=196 ok=1
Cmd: preprocess
  insize=771 outsize=196 ok=1
Cmd: preprocess
  insize=771 outsize=196 ok=1
Cmd: preprocess
  insize=771 outsize=196 ok=1
Cmd: preprocess
  insize=771 outsize=196 ok=1
Cmd: preprocess
  insize=771 outsize=196 ok=1
Cmd: preprocess
  insize=771 outsize=196 ok=1
Cmd: preprocess
  insize=771 outsize=196 ok=1
Cmd: preprocess
  insize=771 outsize=196 ok=1
Cmd: preprocess
  insize=771 outsize=196 ok=1
Cmd: preprocess
  insize=5110 outsize=475 ok=1
Cmd: preprocess
  insize=5549 outsize=476 ok=1
Cmd: preprocess
  insize=5738 outsize=471 ok=1
Cmd: preprocess
  insize=5351 outsize=476 ok=1
Cmd: preprocess
  insize=5887 outsize=475 ok=1
Cmd: preprocess
  insize=6101 outsize=476 ok=1
Cmd: preprocess
  insize=3610 outsize=482 ok=1
Cmd: preprocess
  insize=4357 outsize=482 ok=1
Cmd: preprocess
  insize=6715 outsize=483 ok=1
Cmd: preprocess
  insize=3216 outsize=472 ok=1
Cmd: preprocess
  insize=6298 outsize=476 ok=1
Cmd: preprocess
  insize=6710 outsize=478 ok=1
Cmd: preprocess
  insize=771 outsize=196 ok=1
Cmd: preprocess
  insize=771 outsize=196 ok=1
Cmd: preprocess
  insize=771 outsize=196 ok=1
Cmd: preprocess
  insize=771 outsize=196 ok=1
Cmd: preprocess
  insize=771 outsize=196 ok=1
Cmd: preprocess
  insize=771 outsize=196 ok=1
Cmd: preprocess
  insize=771 outsize=196 ok=1
Cmd: preprocess
  insize=771 outsize=196 ok=1
Cmd: preprocess
  insize=771 outsize=196 ok=1
Cmd: preprocess
  insize=771 outsize=196 ok=1
Cmd: preprocess
  insize=771 outsize=196 ok=1
Cmd: preprocess
  insize=5343 outsize=436 ok=1
Cmd: preprocess
  insize=4624 outsize=435 ok=1
Cmd: preprocess
  insize=4836 outsize=429 ok=1
Cmd: preprocess
  insize=5337 outsize=430 ok=1
Cmd: preprocess
  insize=3906 outsize=426 ok=1
Cmd: preprocess
  insize=771 outsize=196 ok=1
Cmd: preprocess
  insize=771 outsize=196 ok=1
Cmd: preprocess
  insize=771 outsize=196 ok=1
Cmd: preprocess
  insize=771 outsize=196 ok=1
Cmd: preprocess
  insize=771 outsize=196 ok=1
Cmd: preprocess
  insize=771 outsize=196 ok=1
Cmd: preprocess
  insize=771 outsize=196 ok=1
Cmd: preprocess
  insize=771 outsize=196 ok=1
Cmd: preprocess
  insize=771 outsize=196 ok=1
Cmd: preprocess
  insize=771 outsize=196 ok=1
Cmd: preprocess
  insize=771 outsize=196 ok=1
Cmd: preprocess
  insize=771 outsize=196 ok=1
Cmd: preprocess
  insize=771 outsize=196 ok=1
Cmd: preprocess
  insize=771 outsize=196 ok=1
Cmd: preprocess
  insize=771 outsize=196 ok=1
Cmd: preprocess
  insize=771 outsize=196 ok=1
Cmd: preprocess
  insize=771 outsize=196 ok=1
Cmd: preprocess
  insize=771 outsize=196 ok=1
Cmd: preprocess
  insize=771 outsize=196 ok=1
Cmd: preprocess
  insize=771 outsize=196 ok=1
Cmd: preprocess
  insize=771 outsize=196 ok=1
Cmd: preprocess
  insize=771 outsize=196 ok=1
Cmd: preprocess
  insize=771 outsize=196 ok=1
Cmd: preprocess
  insize=7543 outsize=494 ok=1
Cmd: preprocess
  insize=4855 outsize=484 ok=1
Cmd: preprocess
  insize=5675 outsize=487 ok=1
Cmd: preprocess
  insize=4373 outsize=493 ok=1
Cmd: preprocess
  insize=6929 outsize=487 ok=1
Cmd: preprocess
  insize=6111 outsize=483 ok=1
Cmd: preprocess
  insize=6716 outsize=487 ok=1
Cmd: preprocess
  insize=6449 outsize=486 ok=1
Cmd: preprocess
  insize=6302 outsize=482 ok=1
Cmd: preprocess
  insize=5255 outsize=486 ok=1
Cmd: preprocess
  insize=3457 outsize=486 ok=1
Cmd: preprocess
  insize=3259 outsize=485 ok=1
Cmd: preprocess
  insize=3461 outsize=484 ok=1
Cmd: preprocess
  insize=3461 outsize=485 ok=1
Cmd: preprocess
  insize=3626 outsize=493 ok=1
Cmd: preprocess
  insize=7126 outsize=487 ok=1
Cmd: preprocess
  insize=7538 outsize=489 ok=1
Cmd: preprocess
  insize=771 outsize=196 ok=1
Cmd: preprocess
  insize=771 outsize=196 ok=1
Cmd: preprocess
  insize=771 outsize=196 ok=1
Cmd: preprocess
  insize=771 outsize=196 ok=1
Cmd: preprocess
  insize=771 outsize=196 ok=1
Cmd: preprocess
  insize=771 outsize=196 ok=1
Cmd: preprocess
  insize=771 outsize=196 ok=1
Cmd: preprocess
  insize=771 outsize=196 ok=1
Cmd: preprocess
  insize=771 outsize=196 ok=1
Cmd: preprocess
  insize=771 outsize=196 ok=1
Cmd: preprocess
  insize=771 outsize=196 ok=1
Cmd: preprocess
  insize=771 outsize=196 ok=1
Cmd: preprocess
  insize=771 outsize=196 ok=1
Cmd: preprocess
  insize=771 outsize=196 ok=1
Cmd: preprocess
  insize=771 outsize=196 ok=1
Cmd: preprocess
  insize=771 outsize=196 ok=1
Cmd: preprocess
  insize=771 outsize=196 ok=1
Cmd: preprocess
  insize=6508 outsize=409 ok=1
Cmd: preprocess
  insize=4462 outsize=397 ok=1
Cmd: preprocess
  insize=5350 outsize=401 ok=1
Cmd: preprocess
  insize=3994 outsize=399 ok=1
Cmd: preprocess
  insize=3995 outsize=399 ok=1
Cmd: preprocess
  insize=4914 outsize=399 ok=1
Cmd: preprocess
  insize=5698 outsize=402 ok=1
Cmd: preprocess
  insize=5547 outsize=399 ok=1
Cmd: preprocess
  insize=5911 outsize=402 ok=1
Cmd: preprocess
  insize=4273 outsize=401 ok=1
Cmd: preprocess
  insize=3504 outsize=408 ok=1
Cmd: preprocess
  insize=6091 outsize=402 ok=1
Cmd: preprocess
  insize=6503 outsize=404 ok=1
Cmd: preprocess
  insize=1186 outsize=315 ok=1
Cmd: preprocess
  insize=771 outsize=196 ok=1
Cmd: preprocess
  insize=771 outsize=196 ok=1
Cmd: preprocess
  insize=771 outsize=196 ok=1
Cmd: preprocess
  insize=771 outsize=196 ok=1
Cmd: preprocess
  insize=771 outsize=196 ok=1
Cmd: preprocess
  insize=771 outsize=196 ok=1
Cmd: preprocess
  insize=771 outsize=196 ok=1
Cmd: preprocess
  insize=771 outsize=196 ok=1
Cmd: preprocess
  insize=771 outsize=196 ok=1
Cmd: preprocess
  insize=771 outsize=196 ok=1
Cmd: preprocess
  insize=771 outsize=196 ok=1
Cmd: preprocess
  insize=771 outsize=196 ok=1
Cmd: preprocess
  insize=771 outsize=196 ok=1
Cmd: preprocess
  insize=771 outsize=196 ok=1
Cmd: preprocess
  insize=771 outsize=196 ok=1
Cmd: preprocess
  insize=771 outsize=196 ok=1
Cmd: preprocess
  insize=771 outsize=196 ok=1
Cmd: preprocess
  insize=771 outsize=196 ok=1
Cmd: preprocess
  insize=771 outsize=196 ok=1
Cmd: preprocess
  insize=6396 outsize=434 ok=1
Cmd: preprocess
  insize=3533 outsize=432 ok=1
Cmd: preprocess
  insize=4566 outsize=426 ok=1
Cmd: preprocess
  insize=5964 outsize=427 ok=1
Cmd: preprocess
  insize=4270 outsize=422 ok=1
Cmd: preprocess
  insize=4779 outsize=422 ok=1
Cmd: preprocess
  insize=4569 outsize=426 ok=1
Cmd: preprocess
  insize=4004 outsize=424 ok=1
Cmd: preprocess
  insize=6388 outsize=426 ok=1
Cmd: preprocess
  insize=4776 outsize=422 ok=1
Cmd: preprocess
  insize=4264 outsize=421 ok=1
Cmd: preprocess
  insize=4004 outsize=424 ok=1
Cmd: initializeCompiler
Cmd: preprocess
  insize=771 outsize=196 ok=1
Cmd: preprocess
  insize=771 outsize=196 ok=1
Cmd: preprocess
  insize=771 outsize=196 ok=1
Cmd: preprocess
  insize=771 outsize=196 ok=1
Cmd: preprocess
  insize=771 outsize=196 ok=1
Cmd: preprocess
  insize=771 outsize=196 ok=1
Cmd: preprocess
  insize=771 outsize=196 ok=1
Cmd: preprocess
  insize=771 outsize=196 ok=1
Cmd: preprocess
  insize=771 outsize=196 ok=1
Cmd: preprocess
  insize=771 outsize=196 ok=1
Cmd: preprocess
  insize=771 outsize=196 ok=1
Cmd: preprocess
  insize=771 outsize=196 ok=1
Cmd: preprocess
  insize=771 outsize=196 ok=1
Cmd: preprocess
  insize=771 outsize=196 ok=1
Cmd: preprocess
  insize=771 outsize=196 ok=1
Cmd: preprocess
  insize=771 outsize=196 ok=1
Cmd: preprocess
  insize=771 outsize=196 ok=1
Cmd: preprocess
  insize=771 outsize=196 ok=1
Cmd: preprocess
  insize=771 outsize=196 ok=1
Cmd: preprocess
  insize=771 outsize=196 ok=1
Cmd: preprocess
  insize=771 outsize=196 ok=1
Cmd: preprocess
  insize=771 outsize=196 ok=1
Cmd: preprocess
  insize=771 outsize=196 ok=1
Cmd: preprocess
  insize=771 outsize=196 ok=1
Cmd: preprocess
  insize=771 outsize=196 ok=1
Cmd: preprocess
  insize=771 outsize=196 ok=1
Cmd: preprocess
  insize=771 outsize=196 ok=1
Cmd: preprocess
  insize=771 outsize=196 ok=1
Cmd: preprocess
  insize=771 outsize=196 ok=1
Cmd: preprocess
  insize=771 outsize=196 ok=1
Cmd: preprocess
  insize=771 outsize=196 ok=1
Cmd: preprocess
  insize=771 outsize=196 ok=1
Cmd: preprocess
  insize=771 outsize=196 ok=1
Cmd: preprocess
  insize=771 outsize=196 ok=1
Cmd: preprocess
  insize=771 outsize=196 ok=1
Cmd: preprocess
  insize=771 outsize=196 ok=1
Cmd: preprocess
  insize=771 outsize=196 ok=1
Cmd: preprocess
  insize=771 outsize=196 ok=1
Cmd: preprocess
  insize=771 outsize=196 ok=1
Cmd: preprocess
  insize=15038 outsize=351 ok=1
Cmd: preprocess
  insize=3418 outsize=350 ok=1
Cmd: preprocess
  insize=3630 outsize=343 ok=1
Cmd: preprocess
  insize=3613 outsize=340 ok=1
Cmd: preprocess
  insize=5899 outsize=343 ok=1
Cmd: preprocess
  insize=6176 outsize=342 ok=1
Cmd: preprocess
  insize=6390 outsize=344 ok=1
Cmd: preprocess
  insize=3847 outsize=343 ok=1
Cmd: preprocess
  insize=5625 outsize=347 ok=1
Cmd: preprocess
  insize=4043 outsize=342 ok=1
Cmd: preprocess
  insize=4354 outsize=343 ok=1
Cmd: preprocess
  insize=8170 outsize=344 ok=1
Cmd: preprocess
  insize=6654 outsize=340 ok=1
Cmd: preprocess
  insize=7349 outsize=343 ok=1
Cmd: preprocess
  insize=6654 outsize=339 ok=1
Cmd: preprocess
  insize=6968 outsize=344 ok=1
Cmd: preprocess
  insize=6857 outsize=340 ok=1
Cmd: preprocess
  insize=7171 outsize=344 ok=1
Cmd: preprocess
  insize=8156 outsize=344 ok=1
Cmd: preprocess
  insize=6592 outsize=343 ok=1
Cmd: preprocess
  insize=8662 outsize=339 ok=1
Cmd: preprocess
  insize=9454 outsize=339 ok=1
Cmd: preprocess
  insize=10064 outsize=339 ok=1
Cmd: preprocess
  insize=7759 outsize=344 ok=1
Cmd: preprocess
  insize=7073 outsize=344 ok=1
Cmd: preprocess
  insize=3837 outsize=342 ok=1
Cmd: preprocess
  insize=12429 outsize=353 ok=1
Cmd: preprocess
  insize=13191 outsize=339 ok=1
Cmd: preprocess
  insize=10353 outsize=344 ok=1
Cmd: preprocess
  insize=12439 outsize=354 ok=1
Cmd: preprocess
  insize=10353 outsize=344 ok=1
Cmd: preprocess
  insize=13667 outsize=339 ok=1
Cmd: preprocess
  insize=15026 outsize=339 ok=1
Cmd: preprocess
  insize=12723 outsize=354 ok=1
Cmd: preprocess
  insize=12723 outsize=354 ok=1
Cmd: preprocess
  insize=1710 outsize=1235 ok=1
Cmd: initializeCompiler
Cmd: preprocess
  insize=7048 outsize=802 ok=1
Cmd: preprocessCompute
  insize=591 outsize=595 ok=1
Cmd: compileComputeKernel
  api=4 insize=595 outsize=479 ok=1
Cmd: preprocessCompute
  insize=16794 outsize=16804 ok=1
Cmd: compileComputeKernel
  api=4 insize=16804 outsize=15284 ok=1
Cmd: preprocess
  insize=10748 outsize=870 ok=1
Cmd: preprocessCompute
  insize=21586 outsize=21596 ok=1
Cmd: compileComputeKernel
  api=4 insize=21596 outsize=27345 ok=1
Cmd: preprocessCompute
  insize=7564 outsize=7570 ok=1
Cmd: compileComputeKernel
  api=4 insize=7570 outsize=3230 ok=1
Cmd: preprocessCompute
  insize=847 outsize=848 ok=1
Cmd: compileComputeKernel
  api=4 insize=848 outsize=320 ok=1
Cmd: preprocess
  insize=2027 outsize=428 ok=1
Cmd: preprocessCompute
  insize=9605 outsize=9615 ok=1
Cmd: compileComputeKernel
  api=4 insize=9615 outsize=4306 ok=1
Cmd: preprocess
  insize=56799 outsize=27382 ok=1
Cmd: preprocess
  insize=10594 outsize=338 ok=1
Cmd: preprocess
  insize=2976 outsize=342 ok=1
Cmd: preprocess
  insize=2217 outsize=338 ok=1
Cmd: preprocessCompute
  insize=16419 outsize=16425 ok=1
Cmd: compileComputeKernel
  api=4 insize=16425 outsize=6980 ok=1
Cmd: preprocessCompute
  insize=4520 outsize=4528 ok=1
Cmd: compileComputeKernel
  api=4 insize=4528 outsize=695 ok=1
Cmd: preprocessCompute
  insize=9775 outsize=9809 ok=1
Cmd: compileComputeKernel
  api=4 insize=9809 outsize=6289 ok=1
Cmd: preprocess
  insize=4788 outsize=817 ok=1
Cmd: preprocess
  insize=3801 outsize=315 ok=1
Cmd: preprocess
  insize=2769 outsize=302 ok=1
Cmd: preprocess
  insize=6711 outsize=1249 ok=1
Cmd: preprocess
  insize=1764 outsize=380 ok=1
Cmd: preprocess
  insize=2339 outsize=473 ok=1
Cmd: preprocessCompute
  insize=22432 outsize=22438 ok=1
Cmd: compileComputeKernel
  api=4 insize=22438 outsize=21785 ok=1
Cmd: preprocess
  insize=5401 outsize=672 ok=1
Cmd: preprocessCompute
  insize=567 outsize=569 ok=1
Cmd: compileComputeKernel
  api=4 insize=569 outsize=433 ok=1
Cmd: preprocessCompute
  insize=17984 outsize=17994 ok=1
Cmd: compileComputeKernel
  api=4 insize=17994 outsize=8303 ok=1
Cmd: preprocess
  insize=7045 outsize=292 ok=1
Cmd: preprocess
  insize=7287 outsize=1245 ok=1
Cmd: preprocessCompute
  insize=4797 outsize=4823 ok=1
Cmd: compileComputeKernel
  api=4 insize=4823 outsize=890 ok=1
Cmd: preprocess
  insize=3615 outsize=874 ok=1
Cmd: preprocessCompute
  insize=5893 outsize=5899 ok=1
Cmd: compileComputeKernel
  api=4 insize=5899 outsize=5733 ok=1
Cmd: preprocessCompute
  insize=1366 outsize=1372 ok=1
Cmd: compileComputeKernel
  api=4 insize=1372 outsize=666 ok=1
Cmd: preprocess
  insize=1424 outsize=307 ok=1
Cmd: preprocess
  insize=5954 outsize=297 ok=1
Cmd: preprocess
  insize=2425 outsize=655 ok=1
Cmd: preprocessCompute
  insize=648 outsize=650 ok=1
Cmd: compileComputeKernel
  api=4 insize=650 outsize=741 ok=1
Cmd: preprocess
  insize=2853 outsize=582 ok=1
Cmd: preprocessCompute
  insize=2762 outsize=2770 ok=1
Cmd: compileComputeKernel
  api=4 insize=2770 outsize=2268 ok=1
Cmd: preprocess
  insize=830 outsize=318 ok=1
Cmd: preprocessCompute
  insize=2611 outsize=2617 ok=1
Cmd: compileComputeKernel
  api=4 insize=2617 outsize=963 ok=1
Cmd: preprocessCompute
  insize=3251 outsize=3255 ok=1
Cmd: compileComputeKernel
  api=4 insize=3255 outsize=4104 ok=1
Cmd: preprocessCompute
  insize=1866 outsize=1870 ok=1
Cmd: compileComputeKernel
  api=4 insize=1870 outsize=1067 ok=1
Cmd: preprocessCompute
  insize=14119 outsize=14139 ok=1
Cmd: compileComputeKernel
  api=4 insize=14139 outsize=665 ok=1
Cmd: preprocessCompute
  insize=11062 outsize=11086 ok=1
Cmd: compileComputeKernel
  api=4 insize=11086 outsize=4699 ok=1
Cmd: preprocessCompute
  insize=257 outsize=259 ok=1
Cmd: compileComputeKernel
  api=4 insize=259 outsize=480 ok=1
Cmd: preprocessCompute
  insize=5013 outsize=5015 ok=1
Cmd: compileComputeKernel
  api=4 insize=5015 outsize=2757 ok=1
Cmd: preprocess
  insize=3168 outsize=1070 ok=1
Cmd: preprocessCompute
  insize=3101 outsize=3111 ok=1
Cmd: compileComputeKernel
  api=4 insize=3111 outsize=494 ok=1
Cmd: preprocessCompute
  insize=862 outsize=868 ok=1
Cmd: compileComputeKernel
  api=4 insize=868 outsize=578 ok=1
Cmd: preprocessCompute
  insize=40226 outsize=40264 ok=1
Cmd: compileComputeKernel
  api=4 insize=40264 outsize=40234 ok=1
Cmd: preprocessCompute
  insize=8501 outsize=8511 ok=1
Cmd: compileComputeKernel
  api=4 insize=8511 outsize=6716 ok=1
Cmd: preprocess
  insize=9355 outsize=568 ok=1
Cmd: preprocess
  insize=26888 outsize=11503 ok=1
Cmd: preprocessCompute
  insize=3287 outsize=3291 ok=1
Cmd: compileComputeKernel
  api=4 insize=3291 outsize=2636 ok=1
Cmd: preprocessCompute
  insize=1054 outsize=1056 ok=1
Cmd: compileComputeKernel
  api=4 insize=1056 outsize=3163 ok=1
Cmd: preprocess
  insize=3180 outsize=344 ok=1
Cmd: preprocess
  insize=19958 outsize=10316 ok=1
Cmd: preprocessCompute
  insize=3434 outsize=3450 ok=1
Cmd: compileComputeKernel
  api=4 insize=3450 outsize=1076 ok=1
Cmd: preprocessCompute
  insize=22277 outsize=22295 ok=1
Cmd: compileComputeKernel
  api=4 insize=22295 outsize=15432 ok=1
Cmd: preprocess
  insize=41209 outsize=21438 ok=1
Cmd: preprocessCompute
  insize=11482 outsize=11494 ok=1
Cmd: compileComputeKernel
  api=4 insize=11494 outsize=4119 ok=1
Cmd: preprocessCompute
  insize=3714 outsize=3718 ok=1
Cmd: compileComputeKernel
  api=4 insize=3718 outsize=1059 ok=1
Cmd: preprocess
  insize=4111 outsize=914 ok=1
Cmd: preprocess
  insize=1229 outsize=336 ok=1
Cmd: preprocess
  insize=2447 outsize=318 ok=1
Cmd: preprocessCompute
  insize=2306 outsize=2307 ok=1
Cmd: compileComputeKernel
  api=4 insize=2307 outsize=25706 ok=1
Cmd: preprocessCompute
  insize=3112 outsize=3116 ok=1
Cmd: compileComputeKernel
  api=4 insize=3116 outsize=2726 ok=1
Cmd: preprocess
  insize=1752 outsize=1119 ok=1
Cmd: preprocess
  insize=3813 outsize=387 ok=1
Cmd: preprocess
  insize=7277 outsize=300 ok=1
Cmd: preprocess
  insize=1104 outsize=523 ok=1
Cmd: preprocessCompute
  insize=9196 outsize=9202 ok=1
Cmd: compileComputeKernel
  api=4 insize=9202 outsize=6689 ok=1
Cmd: preprocessCompute
  insize=9723 outsize=9735 ok=1
Cmd: compileComputeKernel
  api=4 insize=9735 outsize=7830 ok=1
Cmd: preprocess
  insize=7112 outsize=1664 ok=1
Cmd: preprocessCompute
  insize=7832 outsize=7840 ok=1
Cmd: compileComputeKernel
  api=4 insize=7840 outsize=8105 ok=1
Cmd: preprocess
  insize=2815 outsize=312 ok=1
Cmd: preprocessCompute
  insize=8221 outsize=8233 ok=1
Cmd: compileComputeKernel
  api=4 insize=8233 outsize=695 ok=1
Cmd: preprocess
  insize=11915 outsize=356 ok=1
Cmd: preprocessCompute
  insize=22321 outsize=22339 ok=1
Cmd: compileComputeKernel
  api=4 insize=22339 outsize=5115 ok=1
Cmd: preprocess
  insize=2699 outsize=585 ok=1
Cmd: preprocess
  insize=3759 outsize=647 ok=1
Cmd: preprocess
  insize=1074 outsize=379 ok=1
Cmd: preprocessCompute
  insize=6101 outsize=6119 ok=1
Cmd: compileComputeKernel
  api=4 insize=6119 outsize=2055 ok=1
Cmd: preprocess
  insize=3328 outsize=383 ok=1
Cmd: preprocess
  insize=1569 outsize=368 ok=1
Cmd: preprocessCompute
  insize=3089 outsize=3095 ok=1
Cmd: compileComputeKernel
  api=4 insize=3095 outsize=1860 ok=1
Cmd: preprocessCompute
  insize=6703 outsize=6745 ok=1
Cmd: compileComputeKernel
  api=4 insize=6745 outsize=695 ok=1
Cmd: compileComputeKernel
  api=4 insize=6745 outsize=4958 ok=1
Cmd: preprocess
  insize=2119 outsize=307 ok=1
Cmd: preprocess
  insize=15217 outsize=337 ok=1
Cmd: preprocessCompute
  insize=3741 outsize=3745 ok=1
Cmd: compileComputeKernel
  api=4 insize=3745 outsize=2399 ok=1
Cmd: preprocessCompute
  insize=10106 outsize=10112 ok=1
Cmd: compileComputeKernel
  api=4 insize=10112 outsize=7531 ok=1
Cmd: preprocess
  insize=1789 outsize=273 ok=1
Cmd: preprocess
  insize=2230 outsize=513 ok=1
Cmd: preprocessCompute
  insize=8506 outsize=8512 ok=1
Cmd: compileComputeKernel
  api=4 insize=8512 outsize=2926 ok=1
Cmd: preprocess
  insize=8998 outsize=5132 ok=1
Cmd: preprocessCompute
  insize=700 outsize=704 ok=1
Cmd: compileComputeKernel
  api=4 insize=704 outsize=710 ok=1
Cmd: preprocessCompute
  insize=11557 outsize=11559 ok=1
Cmd: compileComputeKernel
  api=4 insize=11559 outsize=5585 ok=1
Cmd: preprocess
  insize=4334 outsize=384 ok=1
Cmd: preprocess
  insize=6713 outsize=282 ok=1
Cmd: preprocessCompute
  insize=1627 outsize=1631 ok=1
Cmd: compileComputeKernel
  api=4 insize=1631 outsize=16101 ok=1
Cmd: preprocess
  insize=3657 outsize=401 ok=1
Cmd: preprocess
  insize=44969 outsize=26977 ok=1
Cmd: preprocessCompute
  insize=9091 outsize=9103 ok=1
Cmd: compileComputeKernel
  api=4 insize=9103 outsize=2140 ok=1
Cmd: preprocessCompute
  insize=26518 outsize=26542 ok=1
Cmd: compileComputeKernel
  api=4 insize=26542 outsize=16121 ok=1
Cmd: preprocessCompute
  insize=16169 outsize=16295 ok=1
Cmd: compileComputeKernel
  api=4 insize=16295 outsize=43264 ok=1
Cmd: compileComputeKernel
  api=4 insize=16295 outsize=51069 ok=1
Cmd: compileComputeKernel
  api=4 insize=16295 outsize=34544 ok=1
Cmd: compileComputeKernel
  api=4 insize=16295 outsize=100957 ok=1
Cmd: preprocessCompute
  insize=7684 outsize=7696 ok=1
Cmd: preprocess
  insize=2740 outsize=487 ok=1
Cmd: preprocess
  insize=5730 outsize=307 ok=1
Cmd: preprocess
  insize=14270 outsize=1632 ok=1
Cmd: preprocess
  insize=12222 outsize=6859 ok=1
Cmd: preprocessCompute
  insize=3689 outsize=3697 ok=1
Cmd: compileComputeKernel
  api=4 insize=3697 outsize=4319 ok=1
Cmd: preprocessCompute
  insize=5885 outsize=5893 ok=1
Cmd: compileComputeKernel
  api=4 insize=5893 outsize=7136 ok=1
Cmd: preprocessCompute
  insize=3916 outsize=3922 ok=1
Cmd: compileComputeKernel
  api=4 insize=3922 outsize=4104 ok=1
Cmd: preprocessCompute
  insize=3783 outsize=3787 ok=1
Cmd: compileComputeKernel
  api=4 insize=3787 outsize=3172 ok=1
Cmd: preprocessCompute
  insize=28573 outsize=28593 ok=1
Cmd: preprocessCompute
  insize=2551 outsize=2557 ok=1
Cmd: compileComputeKernel
  api=4 insize=2557 outsize=562 ok=1
Cmd: preprocessCompute
  insize=3910 outsize=3916 ok=1
Cmd: compileComputeKernel
  api=4 insize=3916 outsize=1744 ok=1
Cmd: preprocess
  insize=28082 outsize=17265 ok=1
Cmd: preprocessCompute
  insize=1201 outsize=1207 ok=1
Cmd: compileComputeKernel
  api=4 insize=1207 outsize=888 ok=1
Cmd: preprocess
  insize=6639 outsize=2823 ok=1
Cmd: preprocessCompute
  insize=12171 outsize=12177 ok=1
Cmd: compileComputeKernel
  api=4 insize=12177 outsize=1172 ok=1
Cmd: preprocess
  insize=4178 outsize=709 ok=1
Cmd: preprocessCompute
  insize=1971 outsize=1977 ok=1
Cmd: compileComputeKernel
  api=4 insize=1977 outsize=1220 ok=1
Cmd: preprocessCompute
  insize=6047 outsize=6051 ok=1
Cmd: compileComputeKernel
  api=4 insize=6051 outsize=9170 ok=1
Cmd: preprocess
  insize=1414 outsize=393 ok=1
Cmd: preprocessCompute
  insize=3708 outsize=3714 ok=1
Cmd: compileComputeKernel
  api=4 insize=3714 outsize=2513 ok=1
Cmd: preprocess
  insize=4355 outsize=856 ok=1
Cmd: preprocessCompute
  insize=3545 outsize=3549 ok=1
Cmd: compileComputeKernel
  api=4 insize=3549 outsize=4769 ok=1
Cmd: preprocess
  insize=3925 outsize=1017 ok=1
Cmd: preprocess
  insize=2763 outsize=1210 ok=1
Cmd: preprocessCompute
  insize=11063 outsize=11069 ok=1
Cmd: compileComputeKernel
  api=4 insize=11069 outsize=9126 ok=1
Cmd: preprocessCompute
  insize=3441 outsize=3447 ok=1
Cmd: compileComputeKernel
  api=4 insize=3447 outsize=2137 ok=1
Cmd: preprocessCompute
  insize=7575 outsize=7589 ok=1
Cmd: compileComputeKernel
  api=4 insize=7589 outsize=1322 ok=1
Cmd: preprocessCompute
  insize=12752 outsize=12756 ok=1
Cmd: compileComputeKernel
  api=4 insize=12756 outsize=9897 ok=1
Cmd: preprocessCompute
  insize=13947 outsize=13959 ok=1
Cmd: compileComputeKernel
  api=4 insize=13959 outsize=4058 ok=1
Cmd: preprocess
  insize=55505 outsize=21953 ok=1
Cmd: preprocess
  insize=7103 outsize=857 ok=1
Cmd: preprocessCompute
  insize=8776 outsize=8784 ok=1
Cmd: compileComputeKernel
  api=4 insize=8784 outsize=94079 ok=1
Cmd: preprocess
  insize=3580 outsize=601 ok=1
Cmd: preprocess
  insize=1740 outsize=717 ok=1
Cmd: preprocessCompute
  insize=10577 outsize=10587 ok=1
Cmd: compileComputeKernel
  api=4 insize=10587 outsize=3155 ok=1
Cmd: preprocess
  insize=18073 outsize=1480 ok=1
Cmd: preprocess
  insize=3357 outsize=406 ok=1
Cmd: preprocess
  insize=2435 outsize=304 ok=1
Cmd: preprocess
  insize=1274 outsize=496 ok=1
Cmd: preprocessCompute
  insize=1163 outsize=1165 ok=1
Cmd: compileComputeKernel
  api=4 insize=1165 outsize=1319 ok=1
Cmd: preprocess
  insize=3140 outsize=313 ok=1
Cmd: preprocess
  insize=1842 outsize=332 ok=1
Cmd: compileSnippet
  api=4 type=0 insize=2071 outsize=1386 kw=UNITY_PASS_SHADOWCASTER INSTANCING_ON _TERRAIN_INSTANCED_PERPIXEL_NORMAL pd=UNITY_ENABLE_REFLECTION_BUFFERS UNITY_USE_DITHER_MASK_FOR_ALPHABLENDED_SHADOWS UNITY_PBS_USE_BRDF1 UNITY_SPECCUBE_BOX_PROJECTION UNITY_SPECCUBE_BLENDING UNITY_ENABLE_DETAIL_NORMALMAP SHADER_API_DESKTOP UNITY_COLORSPACE_GAMMA UNITY_LIGHT_PROBE_PROXY_VOLUME UNITY_LIGHTMAP_FULL_HDR ok=1
Cmd: compileSnippet
  api=4 type=1 insize=2071 outsize=238 kw=UNITY_PASS_SHADOWCASTER INSTANCING_ON _TERRAIN_INSTANCED_PERPIXEL_NORMAL pd=UNITY_ENABLE_REFLECTION_BUFFERS UNITY_USE_DITHER_MASK_FOR_ALPHABLENDED_SHADOWS UNITY_PBS_USE_BRDF1 UNITY_SPECCUBE_BOX_PROJECTION UNITY_SPECCUBE_BLENDING UNITY_ENABLE_DETAIL_NORMALMAP SHADER_API_DESKTOP UNITY_COLORSPACE_GAMMA UNITY_LIGHT_PROBE_PROXY_VOLUME UNITY_LIGHTMAP_FULL_HDR ok=1
Cmd: compileSnippet
  api=4 type=0 insize=6948 outsize=810 kw=UNITY_PASS_SHADOWCASTER _NORMALMAP_TANGENT_SPACE pd=UNITY_ENABLE_REFLECTION_BUFFERS UNITY_USE_DITHER_MASK_FOR_ALPHABLENDED_SHADOWS UNITY_PBS_USE_BRDF1 UNITY_SPECCUBE_BOX_PROJECTION UNITY_SPECCUBE_BLENDING UNITY_ENABLE_DETAIL_NORMALMAP SHADER_API_DESKTOP UNITY_COLORSPACE_GAMMA UNITY_LIGHT_PROBE_PROXY_VOLUME UNITY_LIGHTMAP_FULL_HDR ok=1
Cmd: compileSnippet
  api=4 type=1 insize=6948 outsize=142 kw=UNITY_PASS_SHADOWCASTER _NORMALMAP_TANGENT_SPACE pd=UNITY_ENABLE_REFLECTION_BUFFERS UNITY_USE_DITHER_MASK_FOR_ALPHABLENDED_SHADOWS UNITY_PBS_USE_BRDF1 UNITY_SPECCUBE_BOX_PROJECTION UNITY_SPECCUBE_BLENDING UNITY_ENABLE_DETAIL_NORMALMAP SHADER_API_DESKTOP UNITY_COLORSPACE_GAMMA UNITY_LIGHT_PROBE_PROXY_VOLUME UNITY_LIGHTMAP_FULL_HDR ok=1
Cmd: compileSnippet
  api=4 type=0 insize=3206 outsize=810 kw=UNITY_PASS_SHADOWCASTER pd=UNITY_ENABLE_REFLECTION_BUFFERS UNITY_USE_DITHER_MASK_FOR_ALPHABLENDED_SHADOWS UNITY_PBS_USE_BRDF1 UNITY_SPECCUBE_BOX_PROJECTION UNITY_SPECCUBE_BLENDING UNITY_ENABLE_DETAIL_NORMALMAP SHADER_API_DESKTOP UNITY_COLORSPACE_GAMMA UNITY_LIGHT_PROBE_PROXY_VOLUME UNITY_LIGHTMAP_FULL_HDR ok=1
Cmd: compileSnippet
  api=4 type=1 insize=3206 outsize=142 kw=UNITY_PASS_SHADOWCASTER pd=UNITY_ENABLE_REFLECTION_BUFFERS UNITY_USE_DITHER_MASK_FOR_ALPHABLENDED_SHADOWS UNITY_PBS_USE_BRDF1 UNITY_SPECCUBE_BOX_PROJECTION UNITY_SPECCUBE_BLENDING UNITY_ENABLE_DETAIL_NORMALMAP SHADER_API_DESKTOP UNITY_COLORSPACE_GAMMA UNITY_LIGHT_PROBE_PROXY_VOLUME UNITY_LIGHTMAP_FULL_HDR ok=1
Cmd: compileSnippet
  api=4 type=0 insize=2049 outsize=518 kw= pd=UNITY_ENABLE_REFLECTION_BUFFERS UNITY_USE_DITHER_MASK_FOR_ALPHABLENDED_SHADOWS UNITY_PBS_USE_BRDF1 UNITY_SPECCUBE_BOX_PROJECTION UNITY_SPECCUBE_BLENDING UNITY_ENABLE_DETAIL_NORMALMAP SHADER_API_DESKTOP UNITY_COLORSPACE_GAMMA UNITY_LIGHT_PROBE_PROXY_VOLUME UNITY_LIGHTMAP_FULL_HDR ok=1
Cmd: compileSnippet
  api=4 type=1 insize=2049 outsize=538 kw= pd=UNITY_ENABLE_REFLECTION_BUFFERS UNITY_USE_DITHER_MASK_FOR_ALPHABLENDED_SHADOWS UNITY_PBS_USE_BRDF1 UNITY_SPECCUBE_BOX_PROJECTION UNITY_SPECCUBE_BLENDING UNITY_ENABLE_DETAIL_NORMALMAP SHADER_API_DESKTOP UNITY_COLORSPACE_GAMMA UNITY_LIGHT_PROBE_PROXY_VOLUME UNITY_LIGHTMAP_FULL_HDR ok=1
Cmd: preprocess
  insize=1192 outsize=1192 ok=1
Cmd: preprocess
  insize=1067 outsize=193 ok=1
Cmd: preprocess
  insize=1260 outsize=1260 ok=1
Cmd: preprocess
  insize=1065 outsize=191 ok=1
Cmd: preprocess
  insize=1184 outsize=1184 ok=1
Cmd: preprocess
  insize=1186 outsize=315 ok=1
Cmd: compileSnippet
  api=4 type=0 insize=6948 outsize=810 kw=UNITY_PASS_SHADOWCASTER _DOUBLESIDED_ON _NORMALMAP_TANGENT_SPACE _ENABLE_GEOMETRIC_SPECULAR_AA pd=UNITY_ENABLE_REFLECTION_BUFFERS UNITY_USE_DITHER_MASK_FOR_ALPHABLENDED_SHADOWS UNITY_PBS_USE_BRDF1 UNITY_SPECCUBE_BOX_PROJECTION UNITY_SPECCUBE_BLENDING UNITY_ENABLE_DETAIL_NORMALMAP SHADER_API_DESKTOP UNITY_COLORSPACE_GAMMA UNITY_LIGHT_PROBE_PROXY_VOLUME UNITY_LIGHTMAP_FULL_HDR ok=1
Cmd: compileSnippet
  api=4 type=1 insize=6948 outsize=142 kw=UNITY_PASS_SHADOWCASTER _DOUBLESIDED_ON _NORMALMAP_TANGENT_SPACE _ENABLE_GEOMETRIC_SPECULAR_AA pd=UNITY_ENABLE_REFLECTION_BUFFERS UNITY_USE_DITHER_MASK_FOR_ALPHABLENDED_SHADOWS UNITY_PBS_USE_BRDF1 UNITY_SPECCUBE_BOX_PROJECTION UNITY_SPECCUBE_BLENDING UNITY_ENABLE_DETAIL_NORMALMAP SHADER_API_DESKTOP UNITY_COLORSPACE_GAMMA UNITY_LIGHT_PROBE_PROXY_VOLUME UNITY_LIGHTMAP_FULL_HDR ok=1
Cmd: preprocess
  insize=1036 outsize=162 ok=1
Cmd: preprocess
  insize=1036 outsize=162 ok=1
Cmd: preprocess
  insize=1042 outsize=168 ok=1
Cmd: preprocess
  insize=1049 outsize=175 ok=1
Cmd: initializeCompiler

Quitting shader compiler process
